<?xml version="1.0" encoding="UTF-8"?>
<!-- Generated by org.testng.reporters.JUnitReportReporter -->
<testsuite hostname="DESKTOP-F8KFG8V" failures="0" tests="2" name="SeleniumLearning.MavenJava.SeleniumTest" time="0.008" errors="0" timestamp="2021-05-06T09:57:56 IST" skipped="0">
  <testcase classname="SeleniumLearning.MavenJava.SeleniumTest" name="DesktopWeb" time="0.007"/>
  <system-out/>
  <testcase classname="SeleniumLearning.MavenJava.SeleniumTest" name="MobileWeb" time="0.001"/>
  <system-out/>
</testsuite> <!-- SeleniumLearning.MavenJava.SeleniumTest -->
