<?xml version="1.0" encoding="UTF-8"?>
<!-- Generated by org.testng.reporters.JUnitReportReporter -->
<testsuite hostname="DESKTOP-F8KFG8V" failures="0" tests="1" name="SeleniumLearning.MavenJava.AppiumTest" time="0.000" errors="0" timestamp="2021-05-06T09:57:56 IST" skipped="0">
  <testcase classname="SeleniumLearning.MavenJava.AppiumTest" name="IOSApp" time="0.000"/>
  <system-out/>
</testsuite> <!-- SeleniumLearning.MavenJava.AppiumTest -->
